2026-01-23 05:01:37,595 - auth - INFO - AuthManager initialized: ENABLE_AUTH=true, auth_enabled=True
2026-01-23 05:01:37,882 - auth - WARNING - ============================================================
2026-01-23 05:01:37,882 - auth - WARNING - CREATED INITIAL ADMIN USER 'admin' - CHANGE PASSWORD IMMEDIATELY!
2026-01-23 05:01:37,882 - auth - WARNING - Password was NOT logged for security.
2026-01-23 05:01:37,882 - auth - WARNING - ============================================================
2026-01-23 05:02:15,763 - auth - INFO - AuthManager initialized: ENABLE_AUTH=true, auth_enabled=True
2026-01-23 05:02:27,836 - auth - INFO - AuthManager initialized: ENABLE_AUTH=true, auth_enabled=True
2026-01-23 05:03:31,960 - auth - INFO - AuthManager initialized: ENABLE_AUTH=true, auth_enabled=True
2026-01-23 05:03:48,221 - auth - INFO - AuthManager initialized: ENABLE_AUTH=true, auth_enabled=True
2026-01-23 05:04:09,758 - auth - INFO - AuthManager initialized: ENABLE_AUTH=true, auth_enabled=True
2026-01-23 05:04:37,799 - auth - INFO - AuthManager initialized: ENABLE_AUTH=true, auth_enabled=True
2026-01-23 05:04:38,102 - app - INFO - User admin logged in successfully
2026-01-23 05:05:01,807 - auth - INFO - AuthManager initialized: ENABLE_AUTH=true, auth_enabled=True
2026-01-23 05:05:02,110 - app - INFO - User admin logged in successfully
2026-01-23 05:05:02,681 - app - INFO - User admin logged out
2026-01-23 05:16:17,465 - auth - INFO - AuthManager initialized: ENABLE_AUTH=true, auth_enabled=True
2026-01-23 05:16:17,751 - auth - WARNING - ============================================================
2026-01-23 05:16:17,751 - auth - WARNING - CREATED INITIAL ADMIN USER 'admin' - CHANGE PASSWORD IMMEDIATELY!
2026-01-23 05:16:17,751 - auth - WARNING - Password was NOT logged for security.
2026-01-23 05:16:17,751 - auth - WARNING - ============================================================
2026-01-23 05:16:37,343 - auth - INFO - AuthManager initialized: ENABLE_AUTH=true, auth_enabled=True
2026-01-23 05:16:59,656 - auth - INFO - AuthManager initialized: ENABLE_AUTH=true, auth_enabled=True
2026-01-23 05:17:24,733 - auth - INFO - AuthManager initialized: ENABLE_AUTH=true, auth_enabled=True
2026-01-23 05:17:25,019 - auth - WARNING - ============================================================
2026-01-23 05:17:25,019 - auth - WARNING - CREATED INITIAL ADMIN USER 'admin' - CHANGE PASSWORD IMMEDIATELY!
2026-01-23 05:17:25,019 - auth - WARNING - Password was NOT logged for security.
2026-01-23 05:17:25,020 - auth - WARNING - ============================================================
2026-01-23 05:17:25,322 - app - INFO - User admin logged in successfully
2026-01-23 05:23:17,598 - auth - INFO - AuthManager initialized: ENABLE_AUTH=true, auth_enabled=True
2026-01-23 05:23:17,884 - auth - WARNING - ============================================================
2026-01-23 05:23:17,884 - auth - WARNING - CREATED INITIAL ADMIN USER 'admin' - CHANGE PASSWORD IMMEDIATELY!
2026-01-23 05:23:17,884 - auth - WARNING - Password was NOT logged for security.
2026-01-23 05:23:17,884 - auth - WARNING - ============================================================
2026-01-23 05:23:38,109 - auth - INFO - AuthManager initialized: ENABLE_AUTH=true, auth_enabled=True
2026-01-23 05:23:38,415 - auth - WARNING - ============================================================
2026-01-23 05:23:38,415 - auth - WARNING - CREATED INITIAL ADMIN USER 'admin' - CHANGE PASSWORD IMMEDIATELY!
2026-01-23 05:23:38,415 - auth - WARNING - Password was NOT logged for security.
2026-01-23 05:23:38,415 - auth - WARNING - ============================================================
2026-01-23 05:23:38,713 - app - INFO - User admin logged in successfully
2026-01-23 05:23:40,367 - app - INFO - User admin logged out
2026-01-23 05:42:54,169 - auth - INFO - AuthManager initialized: ENABLE_AUTH=true, auth_enabled=True
2026-01-23 05:47:18,175 - auth - INFO - AuthManager initialized: ENABLE_AUTH=true, auth_enabled=True
2026-01-23 06:00:06,118 - auth - INFO - AuthManager initialized: ENABLE_AUTH=true, auth_enabled=True
2026-01-23 06:00:06,424 - auth - WARNING - ======================================================================
2026-01-23 06:00:06,424 - auth - WARNING - 
2026-01-23 06:00:06,424 - auth - WARNING -   INITIAL ADMIN SETUP
2026-01-23 06:00:06,424 - auth - WARNING - 
2026-01-23 06:00:06,424 - auth - WARNING -   Username: admin
2026-01-23 06:00:06,424 - auth - WARNING -   One-time token: whYrO3gJTqo1pMNlvy95Ee3lxW8l5ciA
2026-01-23 06:00:06,424 - auth - WARNING - 
2026-01-23 06:00:06,424 - auth - WARNING -   Login with this token and set a new password.
2026-01-23 06:00:06,424 - auth - WARNING -   This token will only be shown once!
2026-01-23 06:00:06,424 - auth - WARNING - 
2026-01-23 06:00:06,424 - auth - WARNING - ======================================================================
2026-01-23 06:00:15,682 - auth - INFO - AuthManager initialized: ENABLE_AUTH=true, auth_enabled=True
2026-01-23 06:00:15,971 - auth - WARNING - ======================================================================
2026-01-23 06:00:15,971 - auth - WARNING - 
2026-01-23 06:00:15,971 - auth - WARNING -   INITIAL ADMIN SETUP
2026-01-23 06:00:15,971 - auth - WARNING - 
2026-01-23 06:00:15,971 - auth - WARNING -   Username: admin
2026-01-23 06:00:15,971 - auth - WARNING -   One-time token: 8rraN8gVZ4rXKumfTUht8_cdIHH1_Una
2026-01-23 06:00:15,972 - auth - WARNING - 
2026-01-23 06:00:15,972 - auth - WARNING -   Login with this token and set a new password.
2026-01-23 06:00:15,972 - auth - WARNING -   This token will only be shown once!
2026-01-23 06:00:15,972 - auth - WARNING - 
2026-01-23 06:00:15,972 - auth - WARNING - ======================================================================
2026-01-23 06:00:27,189 - auth - INFO - AuthManager initialized: ENABLE_AUTH=true, auth_enabled=True
2026-01-23 06:00:27,481 - auth - WARNING - ======================================================================
2026-01-23 06:00:27,482 - auth - WARNING - 
2026-01-23 06:00:27,482 - auth - WARNING -   INITIAL ADMIN SETUP
2026-01-23 06:00:27,482 - auth - WARNING - 
2026-01-23 06:00:27,482 - auth - WARNING -   Username: admin
2026-01-23 06:00:27,482 - auth - WARNING -   One-time token: 6PAIoN4z20TyWf09Otsb-_KRHR-qk6BN
2026-01-23 06:00:27,482 - auth - WARNING - 
2026-01-23 06:00:27,482 - auth - WARNING -   Login with this token and set a new password.
2026-01-23 06:00:27,482 - auth - WARNING -   This token will only be shown once!
2026-01-23 06:00:27,482 - auth - WARNING - 
2026-01-23 06:00:27,482 - auth - WARNING - ======================================================================
2026-01-23 06:00:44,488 - auth - INFO - AuthManager initialized: ENABLE_AUTH=true, auth_enabled=True
2026-01-23 06:00:44,777 - auth - WARNING - ======================================================================
2026-01-23 06:00:44,777 - auth - WARNING - 
2026-01-23 06:00:44,777 - auth - WARNING -   INITIAL ADMIN SETUP
2026-01-23 06:00:44,777 - auth - WARNING - 
2026-01-23 06:00:44,777 - auth - WARNING -   Username: admin
2026-01-23 06:00:44,777 - auth - WARNING -   One-time token: RfYaboAFezhxxgzWacLT-Vo_G_UOqyxK
2026-01-23 06:00:44,777 - auth - WARNING - 
2026-01-23 06:00:44,777 - auth - WARNING -   Login with this token and set a new password.
2026-01-23 06:00:44,778 - auth - WARNING -   This token will only be shown once!
2026-01-23 06:00:44,778 - auth - WARNING - 
2026-01-23 06:00:44,778 - auth - WARNING - ======================================================================
2026-01-23 06:00:45,342 - app - INFO - User admin logged in successfully
2026-01-23 06:00:45,342 - app - INFO - User admin must change password on first login
2026-01-23 06:01:07,599 - auth - INFO - AuthManager initialized: ENABLE_AUTH=true, auth_enabled=True
2026-01-23 06:01:07,887 - auth - WARNING - ======================================================================
2026-01-23 06:01:07,887 - auth - WARNING - 
2026-01-23 06:01:07,887 - auth - WARNING -   INITIAL ADMIN SETUP
2026-01-23 06:01:07,887 - auth - WARNING - 
2026-01-23 06:01:07,887 - auth - WARNING -   Username: admin
2026-01-23 06:01:07,887 - auth - WARNING -   One-time token: GehZpZJBSX6O_rKnM2A19cWiJEklFqhO
2026-01-23 06:01:07,887 - auth - WARNING - 
2026-01-23 06:01:07,887 - auth - WARNING -   Login with this token and set a new password.
2026-01-23 06:01:07,888 - auth - WARNING -   This token will only be shown once!
2026-01-23 06:01:07,888 - auth - WARNING - 
2026-01-23 06:01:07,888 - auth - WARNING - ======================================================================
2026-01-23 06:01:08,450 - app - INFO - User admin logged in successfully
2026-01-23 06:01:08,450 - app - INFO - User admin must change password on first login
2026-01-23 06:01:08,989 - app - INFO - User admin changed password successfully
2026-01-23 06:01:09,263 - app - INFO - User admin logged in successfully
